c:\users\никита\desktop\quasi_3d\quasi_3d\quasi_3d\x64\release\vc141.pdb
c:\users\никита\desktop\quasi_3d\quasi_3d\quasi_3d\x64\release\_list.obj
c:\users\никита\desktop\quasi_3d\quasi_3d\quasi_3d\x64\release\vector3d.obj
c:\users\никита\desktop\quasi_3d\quasi_3d\quasi_3d\x64\release\util.obj
c:\users\никита\desktop\quasi_3d\quasi_3d\quasi_3d\x64\release\step3d.obj
c:\users\никита\desktop\quasi_3d\quasi_3d\quasi_3d\x64\release\modeling3dv2.obj
c:\users\никита\desktop\quasi_3d\quasi_3d\quasi_3d\x64\release\main.obj
c:\users\никита\desktop\quasi_3d\quasi_3d\quasi_3d\x64\release\init2.obj
c:\users\никита\desktop\quasi_3d\quasi_3d\quasi_3d\x64\release\init.obj
c:\users\никита\desktop\quasi_3d\quasi_3d\quasi_3d\x64\release\iarrays.obj
c:\users\никита\desktop\quasi_3d\quasi_3d\quasi_3d\x64\release\atom3dv2.obj
c:\users\никита\desktop\quasi_3d\quasi_3d\quasi_3d\x64\release\atom3d.obj
c:\users\никита\desktop\quasi_3d\quasi_3d\quasi_3d\x64\release\a3r_b.obj
c:\users\никита\desktop\quasi_3d\quasi_3d\quasi_3d\x64\release\a3r.obj
c:\users\никита\desktop\quasi_3d\quasi_3d\x64\release\quasi_3d.exe
c:\users\никита\desktop\quasi_3d\quasi_3d\x64\release\quasi_3d.pdb
c:\users\никита\desktop\quasi_3d\quasi_3d\x64\release\quasi_3d.ipdb
c:\users\никита\desktop\quasi_3d\quasi_3d\x64\release\quasi_3d.iobj
c:\users\никита\desktop\quasi_3d\quasi_3d\quasi_3d\x64\release\quasi_3d.tlog\cl.command.1.tlog
c:\users\никита\desktop\quasi_3d\quasi_3d\quasi_3d\x64\release\quasi_3d.tlog\cl.read.1.tlog
c:\users\никита\desktop\quasi_3d\quasi_3d\quasi_3d\x64\release\quasi_3d.tlog\cl.write.1.tlog
c:\users\никита\desktop\quasi_3d\quasi_3d\quasi_3d\x64\release\quasi_3d.tlog\link.command.1.tlog
c:\users\никита\desktop\quasi_3d\quasi_3d\quasi_3d\x64\release\quasi_3d.tlog\link.read.1.tlog
c:\users\никита\desktop\quasi_3d\quasi_3d\quasi_3d\x64\release\quasi_3d.tlog\link.write.1.tlog
c:\users\никита\desktop\quasi_3d\quasi_3d\quasi_3d\x64\release\quasi_3d.tlog\quasi_3d.write.1u.tlog
